  Prim.cpp
  macierz_sasiedztw.cpp
  main.cpp
c:\users\adam\documents\visual studio 2015\projects\grafy\grafy\main.cpp(329): warning C4267: '=': conversion from 'size_t' to 'int', possible loss of data
c:\users\adam\documents\visual studio 2015\projects\grafy\grafy\main.cpp(332): warning C4267: '=': conversion from 'size_t' to 'int', possible loss of data
c:\users\adam\documents\visual studio 2015\projects\grafy\grafy\main.cpp(334): warning C4267: '=': conversion from 'size_t' to 'int', possible loss of data
c:\users\adam\documents\visual studio 2015\projects\grafy\grafy\main.cpp(341): warning C4267: '=': conversion from 'size_t' to 'int', possible loss of data
c:\users\adam\documents\visual studio 2015\projects\grafy\grafy\main.cpp(342): warning C4267: '=': conversion from 'size_t' to 'int', possible loss of data
c:\users\adam\documents\visual studio 2015\projects\grafy\grafy\main.cpp(351): warning C4267: '=': conversion from 'size_t' to 'int', possible loss of data
c:\users\adam\documents\visual studio 2015\projects\grafy\grafy\main.cpp(352): warning C4267: '=': conversion from 'size_t' to 'int', possible loss of data
c:\users\adam\documents\visual studio 2015\projects\grafy\grafy\main.cpp(361): warning C4267: '=': conversion from 'size_t' to 'int', possible loss of data
c:\users\adam\documents\visual studio 2015\projects\grafy\grafy\main.cpp(362): warning C4267: '=': conversion from 'size_t' to 'int', possible loss of data
c:\users\adam\documents\visual studio 2015\projects\grafy\grafy\main.cpp(373): warning C4267: '=': conversion from 'size_t' to 'int', possible loss of data
c:\users\adam\documents\visual studio 2015\projects\grafy\grafy\main.cpp(385): warning C4267: '=': conversion from 'size_t' to 'int', possible loss of data
c:\users\adam\documents\visual studio 2015\projects\grafy\grafy\main.cpp(386): warning C4267: '=': conversion from 'size_t' to 'int', possible loss of data
c:\users\adam\documents\visual studio 2015\projects\grafy\grafy\main.cpp(394): warning C4267: '=': conversion from 'size_t' to 'int', possible loss of data
c:\users\adam\documents\visual studio 2015\projects\grafy\grafy\main.cpp(395): warning C4267: '=': conversion from 'size_t' to 'int', possible loss of data
c:\users\adam\documents\visual studio 2015\projects\grafy\grafy\main.cpp(438): warning C4267: '=': conversion from 'size_t' to 'int', possible loss of data
c:\users\adam\documents\visual studio 2015\projects\grafy\grafy\main.cpp(441): warning C4267: '=': conversion from 'size_t' to 'int', possible loss of data
c:\users\adam\documents\visual studio 2015\projects\grafy\grafy\main.cpp(443): warning C4267: '=': conversion from 'size_t' to 'int', possible loss of data
c:\users\adam\documents\visual studio 2015\projects\grafy\grafy\main.cpp(450): warning C4267: '=': conversion from 'size_t' to 'int', possible loss of data
c:\users\adam\documents\visual studio 2015\projects\grafy\grafy\main.cpp(451): warning C4267: '=': conversion from 'size_t' to 'int', possible loss of data
c:\users\adam\documents\visual studio 2015\projects\grafy\grafy\main.cpp(460): warning C4267: '=': conversion from 'size_t' to 'int', possible loss of data
c:\users\adam\documents\visual studio 2015\projects\grafy\grafy\main.cpp(461): warning C4267: '=': conversion from 'size_t' to 'int', possible loss of data
c:\users\adam\documents\visual studio 2015\projects\grafy\grafy\main.cpp(470): warning C4267: '=': conversion from 'size_t' to 'int', possible loss of data
c:\users\adam\documents\visual studio 2015\projects\grafy\grafy\main.cpp(471): warning C4267: '=': conversion from 'size_t' to 'int', possible loss of data
c:\users\adam\documents\visual studio 2015\projects\grafy\grafy\main.cpp(482): warning C4267: '=': conversion from 'size_t' to 'int', possible loss of data
c:\users\adam\documents\visual studio 2015\projects\grafy\grafy\main.cpp(494): warning C4267: '=': conversion from 'size_t' to 'int', possible loss of data
c:\users\adam\documents\visual studio 2015\projects\grafy\grafy\main.cpp(495): warning C4267: '=': conversion from 'size_t' to 'int', possible loss of data
c:\users\adam\documents\visual studio 2015\projects\grafy\grafy\main.cpp(503): warning C4267: '=': conversion from 'size_t' to 'int', possible loss of data
c:\users\adam\documents\visual studio 2015\projects\grafy\grafy\main.cpp(504): warning C4267: '=': conversion from 'size_t' to 'int', possible loss of data
  lista_sasiedztw.cpp
  Kruskal.cpp
  kopiec.cpp
c:\users\adam\documents\visual studio 2015\projects\grafy\grafy\kopiec.cpp(122): warning C4244: '=': conversion from 'double' to 'int', possible loss of data
c:\users\adam\documents\visual studio 2015\projects\grafy\grafy\kopiec.cpp(123): warning C4244: '=': conversion from 'double' to 'int', possible loss of data
  Dijkstra_Kopiec.cpp
  Bellman.cpp
  Generating Code...
  Grafy.vcxproj -> C:\Users\Adam\Documents\Visual Studio 2015\Projects\Grafy\x64\Debug\Grafy.exe
  Grafy.vcxproj -> C:\Users\Adam\Documents\Visual Studio 2015\Projects\Grafy\x64\Debug\Grafy.pdb (Full PDB)
