c:\users\adam\documents\visual studio 2015\projects\grafy\grafy\release\vc140.pdb
c:\users\adam\documents\visual studio 2015\projects\grafy\grafy\release\main.obj
c:\users\adam\documents\visual studio 2015\projects\grafy\grafy\release\kruskal.obj
c:\users\adam\documents\visual studio 2015\projects\grafy\grafy\release\dijkstra_kopiec.obj
c:\users\adam\documents\visual studio 2015\projects\grafy\grafy\release\macierz_sasiedztw.obj
c:\users\adam\documents\visual studio 2015\projects\grafy\grafy\release\lista_sasiedztw.obj
c:\users\adam\documents\visual studio 2015\projects\grafy\grafy\release\kopiec.obj
c:\users\adam\documents\visual studio 2015\projects\grafy\grafy\release\dijkstra.obj
c:\users\adam\documents\visual studio 2015\projects\grafy\grafy\release\bellman.obj
c:\users\adam\documents\visual studio 2015\projects\grafy\release\grafy.exe
c:\users\adam\documents\visual studio 2015\projects\grafy\release\grafy.ipdb
c:\users\adam\documents\visual studio 2015\projects\grafy\release\grafy.iobj
c:\users\adam\documents\visual studio 2015\projects\grafy\release\grafy.pdb
c:\users\adam\documents\visual studio 2015\projects\grafy\grafy\release\nativecodeanalysis.read.1.tlog
c:\users\adam\documents\visual studio 2015\projects\grafy\grafy\release\dijkstra.nativecodeanalysis.xml
c:\users\adam\documents\visual studio 2015\projects\grafy\grafy\release\dijkstra_kopiec.nativecodeanalysis.xml
c:\users\adam\documents\visual studio 2015\projects\grafy\grafy\release\kopiec.nativecodeanalysis.xml
c:\users\adam\documents\visual studio 2015\projects\grafy\grafy\release\kruskal.nativecodeanalysis.xml
c:\users\adam\documents\visual studio 2015\projects\grafy\grafy\release\lista_sasiedztw.nativecodeanalysis.xml
c:\users\adam\documents\visual studio 2015\projects\grafy\grafy\release\macierz_sasiedztw.nativecodeanalysis.xml
c:\users\adam\documents\visual studio 2015\projects\grafy\grafy\release\main.nativecodeanalysis.xml
c:\users\adam\documents\visual studio 2015\projects\grafy\grafy\release\vc.nativecodeanalysis.all.xml
c:\users\adam\documents\visual studio 2015\projects\grafy\release\grafy.exe.lastcodeanalysissucceeded
c:\users\adam\documents\visual studio 2015\projects\grafy\grafy\release\grafy.tlog\cl.command.1.tlog
c:\users\adam\documents\visual studio 2015\projects\grafy\grafy\release\grafy.tlog\cl.read.1.tlog
c:\users\adam\documents\visual studio 2015\projects\grafy\grafy\release\grafy.tlog\cl.write.1.tlog
c:\users\adam\documents\visual studio 2015\projects\grafy\grafy\release\grafy.tlog\link.command.1.tlog
c:\users\adam\documents\visual studio 2015\projects\grafy\grafy\release\grafy.tlog\link.read.1.tlog
c:\users\adam\documents\visual studio 2015\projects\grafy\grafy\release\grafy.tlog\link.write.1.tlog
